> Total time: 63.999061 s
--------------------------------------------------------------------------------------
| FILE                : FUNCTION                    : LINE   : TIME   : %     : #    |
--------------------------------------------------------------------------------------
| [love "callbacks.lua: Anon                        :   144  : 54.8814: 85.8  :  164 |
| prop                : __index                     :   116  : 30.7934: 48.1  : 4104002|
| main                : update                      :    16  : 29.7049: 46.4  :  163 |
| providaa            : update                      :    27  : 29.7029: 46.4  :  163 |
| providaa            : onTickChange                :    88  : 29.6949: 46.4  :  162 |
| main                : draw                        :    28  : 25.1203: 39.3  :  163 |
| providaa            : draw                        :    77  : 25.1193: 39.2  :  163 |
| scene               : draw                        :   145  : 25.1031: 39.2  :  163 |
| tile                : updateMeshTexture           :    85  : 21.5137: 33.6  : 1238311|
| grid                : queryTile                   :    49  : 15.6445: 24.4  : 684308|
| gamestate           : SET_GAMESTATE               :     5  : 9.1124 : 14.2  :    1 |
| providaa            : load                        :    19  : 9.1124 : 14.2  :    1 |
| scene               : loadMap                     :    17  : 9.1033 : 14.2  :    1 |
| map                 : loadMap                     :   145  : 6.3201 : 9.9   :    1 |
| prop                : TilePropPrototype           :    76  : 4.8690 : 7.6   : 8192 |
| prop                : __newindex                  :    85  : 4.5958 : 7.2   : 94430|
| tile                : allocateTile                :    53  : 3.3997 : 5.3   : 4096 |
| tile                : new                         :    16  : 2.5428 : 4.0   : 4096 |
| scene               : generateGridMesh            :    38  : 2.4849 : 3.9   :    1 |
| tile                : voidTile                    :    16  : 2.3856 : 3.7   : 4096 |
| tile                : tileCoordToWorld            :    30  : 1.6555 : 2.6   : 684922|
| mesh                : updateTexture               :    29  : 1.4150 : 2.2   : 59669|
| grid                : optimizeMesh                :   117  : 1.3345 : 2.1   :    1 |
| grid                : generateMesh                :    91  : 1.1504 : 1.8   :    1 |
| texture             : animationChangesThisTick    :   137  : 1.0010 : 1.6   : 59669|
| mesh                : calculateNormal             :    78  : 0.9515 : 1.5   : 4205 |
| grid                : testRow                     :   121  : 0.8373 : 1.3   :  173 |
| tile                : allocateMesh                :    59  : 0.8239 : 1.3   : 4096 |
| mesh                : draw                        :    40  : 0.5513 : 0.9   : 62266|
| mesh                : new                         :     9  : 0.4119 : 0.6   : 4311 |
| tile                : isFlat                      :    94  : 0.4003 : 0.6   : 4203 |
| provtype            : provtype                    :     9  : 0.3781 : 0.6   : 81812|
| grid                : getWorldCoords              :    67  : 0.3724 : 0.6   : 4267 |
| propvalids          : valid                       :    69  : 0.2814 : 0.4   : 32768|
| texture             : getImage                    :    27  : 0.2692 : 0.4   : 6511 |
| scene               : fitTextures                 :   116  : 0.2361 : 0.4   :    1 |
| cpml/modules/_privat: typeof                      :     5  : 0.1938 : 0.3   : 39294|
| wall                : generateWall                :    37  : 0.1794 : 0.3   : 4096 |
| wall                : check_side                  :    70  : 0.1412 : 0.2   : 20480|
| map                 : getHeights                  :   225  : 0.1103 : 0.2   : 20480|
| camera              : generateViewMatrix          :    95  : 0.1020 : 0.2   :  165 |
| tick                : getTick                     :     4  : 0.0975 : 0.2   : 43968|
| grid                : swapTile                    :    42  : 0.0966 : 0.2   : 4096 |
| tile                : isLand                      :   106  : 0.0813 : 0.1   : 4094 |
| tile                : getTexture                  :   110  : 0.0797 : 0.1   : 3923 |
| scene               : generateWallMesh            :    44  : 0.0617 : 0.1   :    1 |
| scene               : genWall                     :    50  : 0.0499 : 0.1   : 4096 |
| propvalids          : valid                       :    13  : 0.0351 : 0.1   : 8200 |
| camera              : setupCanvas                 :    54  : 0.0336 : 0.1   :  163 |
| cpml/modules/vec3   : is_zero                     :   356  : 0.0311 : 0.0   : 4311 |
| map                 : getWalls                    :   240  : 0.0234 : 0.0   : 4096 |
| wall                : new                         :    18  : 0.0216 : 0.0   : 4096 |
| mesh                : fitTexture                  :    68  : 0.0194 : 0.0   :  388 |
| camera              : dropCanvas                  :    78  : 0.0111 : 0.0   :  163 |
| mesh                : scaleTexture                :    46  : 0.0108 : 0.0   :  388 |
| render              : renderScaled                :    18  : 0.0103 : 0.0   :  163 |
| cpml/modules/mat4   : rotate                      :   358  : 0.0090 : 0.0   :  495 |
| cpml/modules/mat4   : mat4                        :    62  : 0.0076 : 0.0   :  495 |
| main                : Anon                        :    32  : 0.0076 : 0.0   :    2 |
| camera              : createCanvas                :    25  : 0.0075 : 0.0   :    2 |
| scene               : pushFog                     :   138  : 0.0061 : 0.0   :  163 |
| cpml/modules/mat4   : is_mat4                     :   693  : 0.0059 : 0.0   :  825 |
| texture             : loadTexture                 :   154  : 0.0047 : 0.0   :    6 |
| camera              : transformCoords2            :    47  : 0.0040 : 0.0   :  163 |
| texture             : loadTextures                :   162  : 0.0039 : 0.0   :    1 |
| camera              : getDirectionVector          :   118  : 0.0038 : 0.0   :  163 |
| camera              : getPosition                 :    73  : 0.0037 : 0.0   :  163 |
| texture             : openFilename                :    14  : 0.0034 : 0.0   :    4 |
| resolution          : get_resolution              :    42  : 0.0030 : 0.0   :  167 |
| cpml/modules/mat4   : translate                   :   358  : 0.0030 : 0.0   :  165 |
| cpml/modules/mat4   : mul_internal                :   330  : 0.0029 : 0.0   :  825 |
| cpml/modules/mat4   : mul                         :   358  : 0.0028 : 0.0   :  165 |
| prop                : TexturePropPrototype        :    76  : 0.0026 : 0.0   :    4 |
| matrix              : matrix                      :     2  : 0.0023 : 0.0   :  489 |
| 3d                  : calculateHorizon            :    44  : 0.0023 : 0.0   :  163 |
| cpml/modules/mat4   : identity                    :    32  : 0.0020 : 0.0   :  825 |
| resolution          : get_aspect_ratio            :    30  : 0.0012 : 0.0   :  169 |
| texture             : openImage                   :   125  : 0.0011 : 0.0   :    9 |
| [love "wrap_Event.lu: poll                        :    25  : 0.0009 : 0.0   :  164 |
| cpml/modules/mat4   : mul_vec4                    :   407  : 0.0008 : 0.0   :  163 |
| tick                : setTick                     :     8  : 0.0004 : 0.0   :  162 |
| [love "wrap_Graphics: Anon                        :   352  : 0.0004 : 0.0   :    1 |
| camera              : generatePerspectiveMatrix   :    87  : 0.0002 : 0.0   :    2 |
| grid                : allocateGrid                :     9  : 0.0002 : 0.0   :    1 |
| prop                : GridPropPrototype           :    76  : 0.0001 : 0.0   :    1 |
| map                 : malformedCheck              :    88  : 0.0001 : 0.0   :    1 |
| resolution          : update_resolution_ratio     :    11  : 0.0001 : 0.0   :    2 |
| cpml/modules/mat4   : from_perspective            :   217  : 0.0001 : 0.0   :    2 |
--------------------------------------------------------------------------------------
| [love "callbacks.lua: Anon                        :    43  : ~      : ~     :    3 |
| [love "callbacks.lua: Anon                        :    94  : ~      : ~     :    3 |
| texture             : queryTexture                :   150  : ~      : ~     :    9 |
| [love "wrap_Graphics: isPixelCode                 :   341  : ~      : ~     :    1 |
| [love "wrap_Graphics: isVertexCode                :   337  : ~      : ~     :    1 |
| [love "wrap_Graphics: getLanguageTarget           :   312  : ~      : ~     :    2 |
| [love "callbacks.lua: Anon                        :    31  : ~      : ~     :    4 |
| propvalids          : valid                       :    34  : ~      : ~     :    2 |
| [builtin:rad]       : rad                         :    -1  : ~      : ~     :    2 |
| [love "callbacks.lua: Anon                        :    34  : ~      : ~     :    2 |
| [love "callbacks.lua: Anon                        :    97  : ~      : ~     :    1 |
| [love "callbacks.lua: Anon                        :    91  : ~      : ~     :    1 |
| cpml/modules/mat4   : mat4                        :   899  : ~      : ~     :  495 |
| cpml/modules/mat4   : identity                    :   102  : ~      : ~     :  165 |
| profiler            : stop                        :   225  : ~      : ~     :    1 |
| cpml/modules/mat4   : new                         :    20  : ~      : ~     :  497 |
| main                : quit                        :    37  : ~      : ~     :    1 |
| cpml/modules/mat4   : rotate                      :   475  : ~      : ~     :  495 |
| cpml/modules/mat4   : translate                   :   509  : ~      : ~     :  165 |
| cpml/modules/vec3   : __unm                       :   383  : ~      : ~     :  165 |
| cpml/modules/mat4   : __index                     :   879  : ~      : ~     : 1815 |
| cpml/modules/vec3   : normalize                   :   229  : ~      : ~     : 4310 |
| [love "wrap_Graphics: createShaderStageCode       :   317  : ~      : ~     :    2 |
| tile                : voidTile                    :    39  : ~      : ~     : 4096 |
| grid                : allocateGrid                :    19  : ~      : ~     :    1 |
| texture             : openFilename                :    52  : ~      : ~     :    4 |
| prop                : __index                     :    62  : ~      : ~     : 2273866|
| [love "callbacks.lua: Anon                        :   106  : ~      : ~     :    2 |
| cpml/modules/vec3   : len                         :   192  : ~      : ~     : 4805 |
| cpml/modules/vec3   : new                         :    51  : ~      : ~     : 4311 |
| cpml/modules/vec3   : normalize                   :   139  : ~      : ~     : 4311 |
| cpml/modules/vec3   : cross                       :   173  : ~      : ~     : 4311 |
| cpml/modules/vec3   : vec3                        :   379  : ~      : ~     : 8787 |
| cpml/modules/vec3   : vec3                        :    51  : ~      : ~     : 8787 |
--------------------------------------------------------------------------------------
